<?xml version="1.0" encoding="UTF-8"?>
<testng-results skipped="0" failed="0" ignored="0" total="2" passed="2">
  <reporter-output>
  </reporter-output>
  <suite name="Default suite" duration-ms="2608" started-at="2020-01-27T11:27:27Z" finished-at="2020-01-27T11:27:30Z">
    <groups>
    </groups>
    <test name="Default test" duration-ms="2608" started-at="2020-01-27T11:27:27Z" finished-at="2020-01-27T11:27:30Z">
      <class name="services.ServicesDetails">
        <test-method status="PASS" signature="getData()[pri:0, instance:services.ServicesDetails@47c62251]" name="getData" is-config="true" duration-ms="1760" started-at="2020-01-27T11:27:27Z" finished-at="2020-01-27T11:27:29Z">
          <reporter-output>
          </reporter-output>
        </test-method> <!-- getData -->
        <test-method status="PASS" signature="postData()[pri:1, instance:services.ServicesDetails@47c62251]" name="postData" duration-ms="614" started-at="2020-01-27T11:27:29Z" finished-at="2020-01-27T11:27:30Z">
          <reporter-output>
          </reporter-output>
        </test-method> <!-- postData -->
        <test-method status="PASS" signature="patchData()[pri:2, instance:services.ServicesDetails@47c62251]" name="patchData" duration-ms="209" started-at="2020-01-27T11:27:30Z" finished-at="2020-01-27T11:27:30Z">
          <reporter-output>
          </reporter-output>
        </test-method> <!-- patchData -->
      </class> <!-- services.ServicesDetails -->
    </test> <!-- Default test -->
  </suite> <!-- Default suite -->
</testng-results>
